{
 "errors": {},
 "symbols": [
  "marbles.__main__.__unittest",
  "marbles.__main__.executable",
  "marbles.__main__.main",
  "marbles.core.AnnotatedTestCase",
  "marbles.core.AnnotationError",
  "marbles.core.ContextualAssertionError",
  "marbles.core.TestCase",
  "marbles.core.__all__",
  "marbles.core.__doc__",
  "marbles.core.__version__",
  "marbles.core._stack",
  "marbles.core._stack.get_stack_info",
  "marbles.core._version",
  "marbles.core._version.__version__",
  "marbles.core._version.vfile",
  "marbles.core.log",
  "marbles.core.log.AssertionLogger",
  "marbles.core.log._class_defining_method",
  "marbles.core.log.logger",
  "marbles.core.main",
  "marbles.core.main.MarblesTestResult",
  "marbles.core.main.MarblesTestRunner",
  "marbles.core.main.TestCase",
  "marbles.core.main.main",
  "marbles.core.marbles",
  "marbles.core.marbles.AnnotatedTestCase",
  "marbles.core.marbles.AnnotationContext",
  "marbles.core.marbles.AnnotationError",
  "marbles.core.marbles.ContextualAssertionError",
  "marbles.core.marbles.TestCase",
  "marbles.core.marbles._NoteWrapper",
  "marbles.core.marbles._StatementFinder",
  "marbles.core.marbles._extract_msg",
  "marbles.core.marbles._find_msg_argument",
  "marbles.core.marbles._log"
 ]
}